2021-04-16 11:17:35.294  INFO ----- [           main] .s.d.r.c.RepositoryConfigurationDelegate : Bootstrapping Spring Data JPA repositories in DEFERRED mode.
2021-04-16 11:17:35.316  INFO ----- [           main] .s.d.r.c.RepositoryConfigurationDelegate : Finished Spring Data repository scanning in 15ms. Found 0 JPA repository interfaces.
2021-04-16 11:17:35.664  INFO ----- [           main] trationDelegate$BeanPostProcessorChecker : Bean 'org.springframework.ws.config.annotation.DelegatingWsConfiguration' of type [org.springframework.ws.config.annotation.DelegatingWsConfiguration$$EnhancerBySpringCGLIB$$d300f0ca] is not eligible for getting processed by all BeanPostProcessors (for example: not eligible for auto-proxying)
2021-04-16 11:17:35.695  INFO ----- [           main] .w.s.a.s.AnnotationActionEndpointMapping : Supporting [WS-Addressing August 2004, WS-Addressing 1.0]
2021-04-16 11:17:36.022  INFO ----- [           main] o.s.b.w.e.t.TomcatWebServer              : Tomcat initialized with port(s): 9090 (http)
2021-04-16 11:17:36.031  INFO ----- [           main] o.a.c.h.Http11NioProtocol                : Initializing ProtocolHandler ["http-nio-9090"]
2021-04-16 11:17:36.031  INFO ----- [           main] o.a.c.c.StandardService                  : Starting service [Tomcat]
2021-04-16 11:17:36.031  INFO ----- [           main] o.a.c.c.StandardEngine                   : Starting Servlet engine: [Apache Tomcat/9.0.35]
2021-04-16 11:17:36.127  INFO ----- [           main] o.a.c.c.C.[.[.[/]                        : Initializing Spring embedded WebApplicationContext
2021-04-16 11:17:36.128  INFO ----- [           main] o.s.w.c.ContextLoader                    : Root WebApplicationContext: initialization completed in 1489 ms
2021-04-16 11:17:36.261  INFO ----- [           main] o.s.s.c.ThreadPoolTaskExecutor           : Initializing ExecutorService 'applicationTaskExecutor'
2021-04-16 11:17:36.269  INFO ----- [           main] c.z.h.HikariDataSource                   : HikariPool-1 - Starting...
2021-04-16 11:17:36.442  INFO ----- [           main] c.z.h.HikariDataSource                   : HikariPool-1 - Start completed.
2021-04-16 11:17:36.496  INFO ----- [         task-1] o.h.j.i.u.LogHelper                      : HHH000204: Processing PersistenceUnitInfo [name: default]
2021-04-16 11:17:36.520  WARN ----- [           main] JpaBaseConfiguration$JpaWebConfiguration : spring.jpa.open-in-view is enabled by default. Therefore, database queries may be performed during view rendering. Explicitly configure spring.jpa.open-in-view to disable this warning
2021-04-16 11:17:36.563  INFO ----- [         task-1] o.h.Version                              : HHH000412: Hibernate ORM core version 5.4.15.Final
2021-04-16 11:17:36.729  INFO ----- [         task-1] o.h.a.c.Version                          : HCANN000001: Hibernate Commons Annotations {5.1.0.Final}
2021-04-16 11:17:36.874  INFO ----- [         task-1] o.h.d.Dialect                            : HHH000400: Using dialect: org.hibernate.dialect.MySQL55Dialect
2021-04-16 11:17:37.108  INFO ----- [         task-1] o.h.e.t.j.p.i.JtaPlatformInitiator       : HHH000490: Using JtaPlatform implementation: [org.hibernate.engine.transaction.jta.platform.internal.NoJtaPlatform]
2021-04-16 11:17:37.117  INFO ----- [         task-1] j.LocalContainerEntityManagerFactoryBean : Initialized JPA EntityManagerFactory for persistence unit 'default'
2021-04-16 11:17:37.144  INFO ----- [           main] o.s.s.w.DefaultSecurityFilterChain       : Creating filter chain: Ant [pattern='/**'], [org.springframework.security.web.context.request.async.WebAsyncManagerIntegrationFilter@2b6a0ea9, org.springframework.security.web.context.SecurityContextPersistenceFilter@2f10f633, org.springframework.security.web.header.HeaderWriterFilter@51b77cdf, org.springframework.security.web.csrf.CsrfFilter@111d5c97, org.springframework.security.web.authentication.logout.LogoutFilter@77f991c, org.springframework.security.oauth2.client.web.OAuth2AuthorizationRequestRedirectFilter@6274670b, org.springframework.security.oauth2.client.web.OAuth2LoginAuthenticationFilter@16ac5d35, org.springframework.security.web.authentication.ui.DefaultLoginPageGeneratingFilter@92d1782, org.springframework.security.web.authentication.ui.DefaultLogoutPageGeneratingFilter@4dde8976, org.springframework.security.web.savedrequest.RequestCacheAwareFilter@3440e9cd, org.springframework.security.web.servletapi.SecurityContextHolderAwareRequestFilter@64e1377c, org.springframework.security.web.authentication.AnonymousAuthenticationFilter@4887de2b, org.springframework.security.web.session.SessionManagementFilter@6088451e, org.springframework.security.web.access.ExceptionTranslationFilter@f3560d4, org.springframework.security.web.access.intercept.FilterSecurityInterceptor@26ca61bf]
2021-04-16 11:17:37.191  INFO ----- [           main] o.a.c.h.Http11NioProtocol                : Starting ProtocolHandler ["http-nio-9090"]
2021-04-16 11:17:37.217  INFO ----- [           main] o.s.b.w.e.t.TomcatWebServer              : Tomcat started on port(s): 9090 (http) with context path ''
2021-04-16 11:17:37.218  INFO ----- [           main] DeferredRepositoryInitializationListener : Triggering deferred initialization of Spring Data repositories…
2021-04-16 11:17:37.219  INFO ----- [           main] DeferredRepositoryInitializationListener : Spring Data repositories initialized!
2021-04-16 11:17:56.922  INFO ----- [nio-9090-exec-1] o.a.c.c.C.[.[.[/]                        : Initializing Spring DispatcherServlet 'dispatcherServlet'
2021-04-16 11:17:56.923  INFO ----- [nio-9090-exec-1] o.s.w.s.DispatcherServlet                : Initializing Servlet 'dispatcherServlet'
2021-04-16 11:17:56.931  INFO ----- [nio-9090-exec-1] o.s.w.s.DispatcherServlet                : Completed initialization in 8 ms
2021-04-16 11:20:30.044  INFO ----- [extShutdownHook] j.LocalContainerEntityManagerFactoryBean : Closing JPA EntityManagerFactory for persistence unit 'default'
2021-04-16 11:20:30.047  INFO ----- [extShutdownHook] o.s.s.c.ThreadPoolTaskExecutor           : Shutting down ExecutorService 'applicationTaskExecutor'
2021-04-16 11:20:30.048  INFO ----- [extShutdownHook] c.z.h.HikariDataSource                   : HikariPool-1 - Shutdown initiated...
2021-04-16 11:20:30.059  INFO ----- [extShutdownHook] c.z.h.HikariDataSource                   : HikariPool-1 - Shutdown completed.
16-04-2021 11:20:40.313  INFO ----- [           main] .s.d.r.c.RepositoryConfigurationDelegate : Bootstrapping Spring Data JPA repositories in DEFERRED mode.
16-04-2021 11:20:40.335  INFO ----- [           main] .s.d.r.c.RepositoryConfigurationDelegate : Finished Spring Data repository scanning in 15ms. Found 0 JPA repository interfaces.
16-04-2021 11:20:40.707  INFO ----- [           main] trationDelegate$BeanPostProcessorChecker : Bean 'org.springframework.ws.config.annotation.DelegatingWsConfiguration' of type [org.springframework.ws.config.annotation.DelegatingWsConfiguration$$EnhancerBySpringCGLIB$$d6b5076f] is not eligible for getting processed by all BeanPostProcessors (for example: not eligible for auto-proxying)
16-04-2021 11:20:40.738  INFO ----- [           main] .w.s.a.s.AnnotationActionEndpointMapping : Supporting [WS-Addressing August 2004, WS-Addressing 1.0]
16-04-2021 11:20:41.081  INFO ----- [           main] o.s.b.w.e.t.TomcatWebServer              : Tomcat initialized with port(s): 9090 (http)
16-04-2021 11:20:41.090  INFO ----- [           main] o.a.c.h.Http11NioProtocol                : Initializing ProtocolHandler ["http-nio-9090"]
16-04-2021 11:20:41.091  INFO ----- [           main] o.a.c.c.StandardService                  : Starting service [Tomcat]
16-04-2021 11:20:41.091  INFO ----- [           main] o.a.c.c.StandardEngine                   : Starting Servlet engine: [Apache Tomcat/9.0.35]
16-04-2021 11:20:41.183  INFO ----- [           main] o.a.c.c.C.[.[.[/]                        : Initializing Spring embedded WebApplicationContext
16-04-2021 11:20:41.183  INFO ----- [           main] o.s.w.c.ContextLoader                    : Root WebApplicationContext: initialization completed in 1499 ms
16-04-2021 11:20:41.319  INFO ----- [           main] o.s.s.c.ThreadPoolTaskExecutor           : Initializing ExecutorService 'applicationTaskExecutor'
16-04-2021 11:20:41.326  INFO ----- [           main] c.z.h.HikariDataSource                   : HikariPool-1 - Starting...
16-04-2021 11:20:41.494  INFO ----- [           main] c.z.h.HikariDataSource                   : HikariPool-1 - Start completed.
16-04-2021 11:20:41.558  INFO ----- [         task-1] o.h.j.i.u.LogHelper                      : HHH000204: Processing PersistenceUnitInfo [name: default]
16-04-2021 11:20:41.585  WARN ----- [           main] JpaBaseConfiguration$JpaWebConfiguration : spring.jpa.open-in-view is enabled by default. Therefore, database queries may be performed during view rendering. Explicitly configure spring.jpa.open-in-view to disable this warning
16-04-2021 11:20:41.616  INFO ----- [         task-1] o.h.Version                              : HHH000412: Hibernate ORM core version 5.4.15.Final
16-04-2021 11:20:41.761  INFO ----- [         task-1] o.h.a.c.Version                          : HCANN000001: Hibernate Commons Annotations {5.1.0.Final}
16-04-2021 11:20:41.905  INFO ----- [         task-1] o.h.d.Dialect                            : HHH000400: Using dialect: org.hibernate.dialect.MySQL55Dialect
16-04-2021 11:20:42.127  INFO ----- [         task-1] o.h.e.t.j.p.i.JtaPlatformInitiator       : HHH000490: Using JtaPlatform implementation: [org.hibernate.engine.transaction.jta.platform.internal.NoJtaPlatform]
16-04-2021 11:20:42.137  INFO ----- [         task-1] j.LocalContainerEntityManagerFactoryBean : Initialized JPA EntityManagerFactory for persistence unit 'default'
16-04-2021 11:20:42.154  INFO ----- [           main] o.s.s.w.DefaultSecurityFilterChain       : Creating filter chain: Ant [pattern='/**'], [org.springframework.security.web.context.request.async.WebAsyncManagerIntegrationFilter@7f9e8421, org.springframework.security.web.context.SecurityContextPersistenceFilter@32eae6f2, org.springframework.security.web.header.HeaderWriterFilter@16736040, org.springframework.security.web.csrf.CsrfFilter@46dcbeab, org.springframework.security.web.authentication.logout.LogoutFilter@59b32539, org.springframework.security.oauth2.client.web.OAuth2AuthorizationRequestRedirectFilter@d919544, org.springframework.security.oauth2.client.web.OAuth2LoginAuthenticationFilter@7c281eb8, org.springframework.security.web.authentication.ui.DefaultLoginPageGeneratingFilter@4debbf0, org.springframework.security.web.authentication.ui.DefaultLogoutPageGeneratingFilter@23da79eb, org.springframework.security.web.savedrequest.RequestCacheAwareFilter@73a0f2b, org.springframework.security.web.servletapi.SecurityContextHolderAwareRequestFilter@fb0a08c, org.springframework.security.web.authentication.AnonymousAuthenticationFilter@168b4cb0, org.springframework.security.web.session.SessionManagementFilter@550e9be6, org.springframework.security.web.access.ExceptionTranslationFilter@10272bbb, org.springframework.security.web.access.intercept.FilterSecurityInterceptor@5a97b17c]
16-04-2021 11:20:42.219  INFO ----- [           main] o.a.c.h.Http11NioProtocol                : Starting ProtocolHandler ["http-nio-9090"]
16-04-2021 11:20:42.246  INFO ----- [           main] o.s.b.w.e.t.TomcatWebServer              : Tomcat started on port(s): 9090 (http) with context path ''
16-04-2021 11:20:42.247  INFO ----- [           main] DeferredRepositoryInitializationListener : Triggering deferred initialization of Spring Data repositories…
16-04-2021 11:20:42.248  INFO ----- [           main] DeferredRepositoryInitializationListener : Spring Data repositories initialized!
16-04-2021 11:24:01.763  INFO ----- [nio-9090-exec-1] o.a.c.c.C.[.[.[/]                        : Initializing Spring DispatcherServlet 'dispatcherServlet'
16-04-2021 11:24:01.763  INFO ----- [nio-9090-exec-1] o.s.w.s.DispatcherServlet                : Initializing Servlet 'dispatcherServlet'
16-04-2021 11:24:01.771  INFO ----- [nio-9090-exec-1] o.s.w.s.DispatcherServlet                : Completed initialization in 8 ms
16-04-2021 11:24:37.871  INFO ----- [extShutdownHook] j.LocalContainerEntityManagerFactoryBean : Closing JPA EntityManagerFactory for persistence unit 'default'
16-04-2021 11:24:37.874  INFO ----- [extShutdownHook] o.s.s.c.ThreadPoolTaskExecutor           : Shutting down ExecutorService 'applicationTaskExecutor'
16-04-2021 11:24:37.875  INFO ----- [extShutdownHook] c.z.h.HikariDataSource                   : HikariPool-1 - Shutdown initiated...
16-04-2021 11:24:37.892  INFO ----- [extShutdownHook] c.z.h.HikariDataSource                   : HikariPool-1 - Shutdown completed.
16-04-2021 11:24:46.154  INFO ----- [           main] .s.d.r.c.RepositoryConfigurationDelegate : Bootstrapping Spring Data JPA repositories in DEFERRED mode.
16-04-2021 11:24:46.175  INFO ----- [           main] .s.d.r.c.RepositoryConfigurationDelegate : Finished Spring Data repository scanning in 13ms. Found 0 JPA repository interfaces.
16-04-2021 11:24:46.526  INFO ----- [           main] trationDelegate$BeanPostProcessorChecker : Bean 'org.springframework.ws.config.annotation.DelegatingWsConfiguration' of type [org.springframework.ws.config.annotation.DelegatingWsConfiguration$$EnhancerBySpringCGLIB$$121d2e96] is not eligible for getting processed by all BeanPostProcessors (for example: not eligible for auto-proxying)
16-04-2021 11:24:46.557  INFO ----- [           main] .w.s.a.s.AnnotationActionEndpointMapping : Supporting [WS-Addressing August 2004, WS-Addressing 1.0]
16-04-2021 11:24:46.854  INFO ----- [           main] o.s.b.w.e.t.TomcatWebServer              : Tomcat initialized with port(s): 9090 (http)
16-04-2021 11:24:46.864  INFO ----- [           main] o.a.c.h.Http11NioProtocol                : Initializing ProtocolHandler ["http-nio-9090"]
16-04-2021 11:24:46.864  INFO ----- [           main] o.a.c.c.StandardService                  : Starting service [Tomcat]
16-04-2021 11:24:46.865  INFO ----- [           main] o.a.c.c.StandardEngine                   : Starting Servlet engine: [Apache Tomcat/9.0.35]
16-04-2021 11:24:46.962  INFO ----- [           main] o.a.c.c.C.[.[.[/]                        : Initializing Spring embedded WebApplicationContext
16-04-2021 11:24:46.962  INFO ----- [           main] o.s.w.c.ContextLoader                    : Root WebApplicationContext: initialization completed in 1427 ms
16-04-2021 11:24:47.107  INFO ----- [           main] o.s.s.c.ThreadPoolTaskExecutor           : Initializing ExecutorService 'applicationTaskExecutor'
16-04-2021 11:24:47.116  INFO ----- [           main] c.z.h.HikariDataSource                   : HikariPool-1 - Starting...
16-04-2021 11:24:47.297  INFO ----- [           main] c.z.h.HikariDataSource                   : HikariPool-1 - Start completed.
16-04-2021 11:24:47.351  INFO ----- [         task-1] o.h.j.i.u.LogHelper                      : HHH000204: Processing PersistenceUnitInfo [name: default]
16-04-2021 11:24:47.373  WARN ----- [           main] JpaBaseConfiguration$JpaWebConfiguration : spring.jpa.open-in-view is enabled by default. Therefore, database queries may be performed during view rendering. Explicitly configure spring.jpa.open-in-view to disable this warning
16-04-2021 11:24:47.407  INFO ----- [         task-1] o.h.Version                              : HHH000412: Hibernate ORM core version 5.4.15.Final
16-04-2021 11:24:47.565  INFO ----- [         task-1] o.h.a.c.Version                          : HCANN000001: Hibernate Commons Annotations {5.1.0.Final}
16-04-2021 11:24:47.712  INFO ----- [         task-1] o.h.d.Dialect                            : HHH000400: Using dialect: org.hibernate.dialect.MySQL55Dialect
16-04-2021 11:24:47.951  INFO ----- [         task-1] o.h.e.t.j.p.i.JtaPlatformInitiator       : HHH000490: Using JtaPlatform implementation: [org.hibernate.engine.transaction.jta.platform.internal.NoJtaPlatform]
16-04-2021 11:24:47.962  INFO ----- [         task-1] j.LocalContainerEntityManagerFactoryBean : Initialized JPA EntityManagerFactory for persistence unit 'default'
16-04-2021 11:24:47.992  INFO ----- [           main] o.s.s.w.DefaultSecurityFilterChain       : Creating filter chain: Ant [pattern='/**'], [org.springframework.security.web.context.request.async.WebAsyncManagerIntegrationFilter@59b32539, org.springframework.security.web.context.SecurityContextPersistenceFilter@29c17c3d, org.springframework.security.web.header.HeaderWriterFilter@d16be4f, org.springframework.security.web.csrf.CsrfFilter@b73433, org.springframework.security.web.authentication.logout.LogoutFilter@1642eeae, org.springframework.security.oauth2.client.web.OAuth2AuthorizationRequestRedirectFilter@1faf386c, org.springframework.security.oauth2.client.web.OAuth2LoginAuthenticationFilter@6d6d480c, org.springframework.security.web.authentication.ui.DefaultLoginPageGeneratingFilter@7134b8a7, org.springframework.security.web.authentication.ui.DefaultLogoutPageGeneratingFilter@5b47731f, org.springframework.security.web.savedrequest.RequestCacheAwareFilter@1665fa54, org.springframework.security.web.servletapi.SecurityContextHolderAwareRequestFilter@70025b99, org.springframework.security.web.authentication.AnonymousAuthenticationFilter@233db8e9, org.springframework.security.web.session.SessionManagementFilter@6bcb12e6, org.springframework.security.web.access.ExceptionTranslationFilter@67536ae0, org.springframework.security.web.access.intercept.FilterSecurityInterceptor@152c4495]
16-04-2021 11:24:48.040  INFO ----- [           main] o.a.c.h.Http11NioProtocol                : Starting ProtocolHandler ["http-nio-9090"]
16-04-2021 11:24:48.065  INFO ----- [           main] o.s.b.w.e.t.TomcatWebServer              : Tomcat started on port(s): 9090 (http) with context path ''
16-04-2021 11:24:48.068  INFO ----- [           main] DeferredRepositoryInitializationListener : Triggering deferred initialization of Spring Data repositories…
16-04-2021 11:24:48.068  INFO ----- [           main] DeferredRepositoryInitializationListener : Spring Data repositories initialized!
16-04-2021 11:25:02.216  INFO ----- [extShutdownHook] j.LocalContainerEntityManagerFactoryBean : Closing JPA EntityManagerFactory for persistence unit 'default'
16-04-2021 11:25:02.219  INFO ----- [extShutdownHook] o.s.s.c.ThreadPoolTaskExecutor           : Shutting down ExecutorService 'applicationTaskExecutor'
16-04-2021 11:25:02.219  INFO ----- [extShutdownHook] c.z.h.HikariDataSource                   : HikariPool-1 - Shutdown initiated...
16-04-2021 11:25:02.232  INFO ----- [extShutdownHook] c.z.h.HikariDataSource                   : HikariPool-1 - Shutdown completed.
16-04-2021 11:26:39.832  INFO ----- [           main] .s.d.r.c.RepositoryConfigurationDelegate : Bootstrapping Spring Data JPA repositories in DEFERRED mode.
16-04-2021 11:26:39.854  INFO ----- [           main] .s.d.r.c.RepositoryConfigurationDelegate : Finished Spring Data repository scanning in 15ms. Found 0 JPA repository interfaces.
16-04-2021 11:26:40.231  INFO ----- [           main] trationDelegate$BeanPostProcessorChecker : Bean 'org.springframework.ws.config.annotation.DelegatingWsConfiguration' of type [org.springframework.ws.config.annotation.DelegatingWsConfiguration$$EnhancerBySpringCGLIB$$23051a4e] is not eligible for getting processed by all BeanPostProcessors (for example: not eligible for auto-proxying)
16-04-2021 11:26:40.266  INFO ----- [           main] .w.s.a.s.AnnotationActionEndpointMapping : Supporting [WS-Addressing August 2004, WS-Addressing 1.0]
16-04-2021 11:26:40.567  INFO ----- [           main] o.s.b.w.e.t.TomcatWebServer              : Tomcat initialized with port(s): 9090 (http)
16-04-2021 11:26:40.576  INFO ----- [           main] o.a.c.h.Http11NioProtocol                : Initializing ProtocolHandler ["http-nio-9090"]
16-04-2021 11:26:40.576  INFO ----- [           main] o.a.c.c.StandardService                  : Starting service [Tomcat]
16-04-2021 11:26:40.577  INFO ----- [           main] o.a.c.c.StandardEngine                   : Starting Servlet engine: [Apache Tomcat/9.0.35]
16-04-2021 11:26:40.672  INFO ----- [           main] o.a.c.c.C.[.[.[/]                        : Initializing Spring embedded WebApplicationContext
16-04-2021 11:26:40.673  INFO ----- [           main] o.s.w.c.ContextLoader                    : Root WebApplicationContext: initialization completed in 1490 ms
16-04-2021 11:26:40.810  INFO ----- [           main] o.s.s.c.ThreadPoolTaskExecutor           : Initializing ExecutorService 'applicationTaskExecutor'
16-04-2021 11:26:40.818  INFO ----- [           main] c.z.h.HikariDataSource                   : HikariPool-1 - Starting...
16-04-2021 11:26:40.984  INFO ----- [           main] c.z.h.HikariDataSource                   : HikariPool-1 - Start completed.
16-04-2021 11:26:41.028  INFO ----- [         task-1] o.h.j.i.u.LogHelper                      : HHH000204: Processing PersistenceUnitInfo [name: default]
16-04-2021 11:26:41.050  WARN ----- [           main] JpaBaseConfiguration$JpaWebConfiguration : spring.jpa.open-in-view is enabled by default. Therefore, database queries may be performed during view rendering. Explicitly configure spring.jpa.open-in-view to disable this warning
16-04-2021 11:26:41.078  INFO ----- [         task-1] o.h.Version                              : HHH000412: Hibernate ORM core version 5.4.15.Final
16-04-2021 11:26:41.227  INFO ----- [         task-1] o.h.a.c.Version                          : HCANN000001: Hibernate Commons Annotations {5.1.0.Final}
16-04-2021 11:26:41.367  INFO ----- [         task-1] o.h.d.Dialect                            : HHH000400: Using dialect: org.hibernate.dialect.MySQL55Dialect
16-04-2021 11:26:41.617  INFO ----- [         task-1] o.h.e.t.j.p.i.JtaPlatformInitiator       : HHH000490: Using JtaPlatform implementation: [org.hibernate.engine.transaction.jta.platform.internal.NoJtaPlatform]
16-04-2021 11:26:41.627  INFO ----- [         task-1] j.LocalContainerEntityManagerFactoryBean : Initialized JPA EntityManagerFactory for persistence unit 'default'
16-04-2021 11:26:41.672  INFO ----- [           main] o.s.s.w.DefaultSecurityFilterChain       : Creating filter chain: Ant [pattern='/**'], [org.springframework.security.web.context.request.async.WebAsyncManagerIntegrationFilter@1a256d80, org.springframework.security.web.context.SecurityContextPersistenceFilter@d70f722, org.springframework.security.web.header.HeaderWriterFilter@163042ea, org.springframework.security.web.csrf.CsrfFilter@5e99b9c, org.springframework.security.web.authentication.logout.LogoutFilter@30c3ae63, org.springframework.security.oauth2.client.web.OAuth2AuthorizationRequestRedirectFilter@13c8ac77, org.springframework.security.oauth2.client.web.OAuth2LoginAuthenticationFilter@5f05c8d6, org.springframework.security.web.authentication.ui.DefaultLoginPageGeneratingFilter@68f6e55d, org.springframework.security.web.authentication.ui.DefaultLogoutPageGeneratingFilter@3069a360, org.springframework.security.web.savedrequest.RequestCacheAwareFilter@798256c5, org.springframework.security.web.servletapi.SecurityContextHolderAwareRequestFilter@20eaeaf8, org.springframework.security.web.authentication.AnonymousAuthenticationFilter@7235f92b, org.springframework.security.web.session.SessionManagementFilter@1fbf088b, org.springframework.security.web.access.ExceptionTranslationFilter@2954f6ab, org.springframework.security.web.access.intercept.FilterSecurityInterceptor@2f10f633]
16-04-2021 11:26:41.727  INFO ----- [           main] o.a.c.h.Http11NioProtocol                : Starting ProtocolHandler ["http-nio-9090"]
16-04-2021 11:26:41.756  INFO ----- [           main] o.s.b.w.e.t.TomcatWebServer              : Tomcat started on port(s): 9090 (http) with context path ''
16-04-2021 11:26:41.758  INFO ----- [           main] DeferredRepositoryInitializationListener : Triggering deferred initialization of Spring Data repositories…
16-04-2021 11:26:41.759  INFO ----- [           main] DeferredRepositoryInitializationListener : Spring Data repositories initialized!
16-04-2021 11:27:01.107  INFO ----- [nio-9090-exec-1] o.a.c.c.C.[.[.[/]                        : Initializing Spring DispatcherServlet 'dispatcherServlet'
16-04-2021 11:27:01.107  INFO ----- [nio-9090-exec-1] o.s.w.s.DispatcherServlet                : Initializing Servlet 'dispatcherServlet'
16-04-2021 11:27:01.114  INFO ----- [nio-9090-exec-1] o.s.w.s.DispatcherServlet                : Completed initialization in 6 ms
16-04-2021 11:38:54.870  INFO ----- [extShutdownHook] j.LocalContainerEntityManagerFactoryBean : Closing JPA EntityManagerFactory for persistence unit 'default'
16-04-2021 11:38:54.872  INFO ----- [extShutdownHook] o.s.s.c.ThreadPoolTaskExecutor           : Shutting down ExecutorService 'applicationTaskExecutor'
16-04-2021 11:38:54.873  INFO ----- [extShutdownHook] c.z.h.HikariDataSource                   : HikariPool-1 - Shutdown initiated...
16-04-2021 11:38:54.883  INFO ----- [extShutdownHook] c.z.h.HikariDataSource                   : HikariPool-1 - Shutdown completed.
